<?xml version="1.0" encoding="UTF-8"?>
<!-- Generated by org.testng.reporters.JUnitReportReporter -->
<testsuite hostname="DESKTOP-9FG3BT2" failures="0" tests="5" name="oopspack.Test3" time="0.018" errors="0" timestamp="2023-06-16T16:49:47 IST" skipped="0">
  <testcase classname="oopspack.Test3" name="d" time="0.009"/>
  <testcase classname="oopspack.Test3" name="b" time="0.003"/>
  <testcase classname="oopspack.Test3" name="c" time="0.002"/>
  <testcase classname="oopspack.Test3" name="a" time="0.002"/>
  <testcase classname="oopspack.Test3" name="e" time="0.002"/>
</testsuite> <!-- oopspack.Test3 -->
