<?xml version="1.0" encoding="UTF-8"?>
<!-- Generated by org.testng.reporters.JUnitReportReporter -->
<testsuite hostname="DESKTOP-9FG3BT2" failures="0" tests="5" name="oopspack.TestNG4" time="0.013" errors="0" timestamp="2023-06-21T16:40:25 IST" skipped="1">
  <testcase classname="oopspack.TestNG4" name="c" time="0.002"/>
  <testcase classname="oopspack.TestNG4" name="c" time="0.001"/>
  <testcase classname="oopspack.TestNG4" name="a" time="0.009"/>
  <testcase classname="oopspack.TestNG4" name="e" time="0.001"/>
  <testcase classname="oopspack.TestNG4" name="b">
    <skipped/>
  </testcase> <!-- b -->
</testsuite> <!-- oopspack.TestNG4 -->
