<?xml version="1.0" encoding="UTF-8"?>
<!-- Generated by org.testng.reporters.JUnitReportReporter -->
<testsuite hostname="DESKTOP-9FG3BT2" failures="0" tests="5" name="oopspack.TestNG2" time="0.023" errors="0" timestamp="2023-06-16T16:41:02 IST" skipped="0">
  <testcase classname="oopspack.TestNG2" name="a" time="0.009"/>
  <testcase classname="oopspack.TestNG2" name="c" time="0.004"/>
  <testcase classname="oopspack.TestNG2" name="b" time="0.002"/>
  <testcase classname="oopspack.TestNG2" name="d" time="0.003"/>
  <testcase classname="oopspack.TestNG2" name="e" time="0.005"/>
</testsuite> <!-- oopspack.TestNG2 -->
