<?xml version="1.0" encoding="UTF-8"?>
<!-- Generated by org.testng.reporters.JUnitReportReporter -->
<testsuite hostname="DESKTOP-9FG3BT2" failures="0" tests="1" name="oopspack.TestNG1" time="0.016" errors="0" timestamp="2023-06-16T16:29:20 IST" skipped="0">
  <testcase classname="oopspack.TestNG1" name="ct" time="0.016"/>
</testsuite> <!-- oopspack.TestNG1 -->
